{"level":"INFO","time":"2024-11-02 14:40:46","msg":"Serving on http://127.0.0.1:3261"}
{"level":"DEBUG","time":"2024-11-02 14:42:40","msg":"mode: level"}
{"level":"DEBUG","time":"2024-11-02 14:42:40","msg":"mode: district"}
{"level":"DEBUG","time":"2024-11-02 14:43:46","msg":"mode: district"}
{"level":"DEBUG","time":"2024-11-02 14:43:46","msg":"mode: level"}
{"level":"DEBUG","time":"2024-11-02 14:44:46","msg":"mode: level"}
{"level":"DEBUG","time":"2024-11-02 14:44:46","msg":"mode: district"}
{"level":"DEBUG","time":"2024-11-02 14:46:41","msg":"mode: level"}
{"level":"DEBUG","time":"2024-11-02 14:46:41","msg":"mode: district"}
{"level":"INFO","time":"2024-11-02 14:48:21","msg":"Shutdown ok"}
{"level":"INFO","time":"2024-11-02 14:48:21","msg":"==================== Done! ===================="}
{"level":"INFO","time":"2024-11-02 15:37:06","msg":"Serving on http://127.0.0.1:3261"}
{"level":"DEBUG","time":"2024-11-02 15:37:15","msg":"mode: level"}
{"level":"DEBUG","time":"2024-11-02 15:37:15","msg":"mode: district"}
{"level":"DEBUG","time":"2024-11-02 15:37:16","msg":"mode: level"}
{"level":"DEBUG","time":"2024-11-02 15:37:16","msg":"mode: district"}
{"level":"DEBUG","time":"2024-11-02 15:38:05","msg":"mode: level"}
{"level":"DEBUG","time":"2024-11-02 15:38:05","msg":"mode: district"}
{"level":"INFO","time":"2024-11-02 15:38:21","msg":"Shutdown ok"}
{"level":"INFO","time":"2024-11-02 15:38:21","msg":"==================== Done! ===================="}
