{"level":"INFO","time":"2024-11-01 16:24:53","msg":"Serving on http://127.0.0.1:3261"}
{"level":"DEBUG","time":"2024-11-01 16:25:02","msg":"mode: level"}
{"level":"DEBUG","time":"2024-11-01 16:25:02","msg":"mode: district"}
{"level":"DEBUG","time":"2024-11-01 16:25:02","msg":"dto.PageDto{Curr:1, Limit:4}"}
{"level":"DEBUG","time":"2024-11-01 16:25:33","msg":"mode: level"}
{"level":"DEBUG","time":"2024-11-01 16:25:33","msg":"mode: district"}
{"level":"DEBUG","time":"2024-11-01 16:25:33","msg":"dto.PageDto{Curr:1, Limit:4}"}
{"level":"INFO","time":"2024-11-01 16:26:18","msg":"Shutdown ok"}
{"level":"INFO","time":"2024-11-01 16:26:18","msg":"==================== Done! ===================="}
{"level":"INFO","time":"2024-11-01 16:26:20","msg":"Serving on http://127.0.0.1:3261"}
{"level":"DEBUG","time":"2024-11-01 16:26:23","msg":"mode: level"}
{"level":"DEBUG","time":"2024-11-01 16:26:23","msg":"mode: district"}
{"level":"DEBUG","time":"2024-11-01 16:26:23","msg":"dto.PageDto{Curr:1, Limit:4}"}
{"level":"DEBUG","time":"2024-11-01 16:26:23","msg":"[]"}
{"level":"DEBUG","time":"2024-11-01 16:26:23","msg":"[]"}
{"level":"INFO","time":"2024-11-01 16:29:02","msg":"Shutdown ok"}
{"level":"INFO","time":"2024-11-01 16:29:02","msg":"==================== Done! ===================="}
{"level":"INFO","time":"2024-11-01 16:46:10","msg":"Serving on http://127.0.0.1:3261"}
{"level":"DEBUG","time":"2024-11-01 16:46:15","msg":"mode: level"}
{"level":"DEBUG","time":"2024-11-01 16:46:15","msg":"mode: district"}
{"level":"DEBUG","time":"2024-11-01 16:46:15","msg":"dto.PageDto{Curr:1, Limit:4}"}
{"level":"DEBUG","time":"2024-11-01 16:46:15","msg":"[三级甲等]"}
{"level":"DEBUG","time":"2024-11-01 16:46:15","msg":"[黄浦区 徐汇区 长宁区 静安区 普陀区 虹口区 杨浦区 闵行区 宝山区 嘉定区 浦东新区 金山区 松江区 青浦区 奉贤区 崇明区]"}
{"level":"DEBUG","time":"2024-11-01 16:46:55","msg":"mode: district"}
{"level":"DEBUG","time":"2024-11-01 16:46:55","msg":"[黄浦区 徐汇区 长宁区 静安区 普陀区 虹口区 杨浦区 闵行区 宝山区 嘉定区 浦东新区 金山区 松江区 青浦区 奉贤区 崇明区]"}
{"level":"DEBUG","time":"2024-11-01 16:46:57","msg":"mode: level"}
{"level":"DEBUG","time":"2024-11-01 16:46:57","msg":"mode: district"}
{"level":"DEBUG","time":"2024-11-01 16:46:57","msg":"dto.PageDto{Curr:1, Limit:4}"}
{"level":"DEBUG","time":"2024-11-01 16:46:57","msg":"[黄浦区 徐汇区 长宁区 静安区 普陀区 虹口区 杨浦区 闵行区 宝山区 嘉定区 浦东新区 金山区 松江区 青浦区 奉贤区 崇明区]"}
{"level":"DEBUG","time":"2024-11-01 16:46:57","msg":"[三级甲等]"}
{"level":"DEBUG","time":"2024-11-01 16:48:52","msg":"mode: district"}
{"level":"DEBUG","time":"2024-11-01 16:48:52","msg":"[黄浦区 徐汇区 长宁区 静安区 普陀区 虹口区 杨浦区 闵行区 宝山区 嘉定区 浦东新区 金山区 松江区 青浦区 奉贤区 崇明区]"}
{"level":"DEBUG","time":"2024-11-01 16:48:55","msg":"dto.PageDto{Curr:1, Limit:4}"}
{"level":"DEBUG","time":"2024-11-01 16:48:55","msg":"dto.PageDto{Curr:1, Limit:4}"}
{"level":"DEBUG","time":"2024-11-01 16:48:57","msg":"dto.PageDto{Curr:1, Limit:4}"}
{"level":"DEBUG","time":"2024-11-01 16:48:58","msg":"dto.PageDto{Curr:1, Limit:4}"}
{"level":"DEBUG","time":"2024-11-01 16:48:58","msg":"dto.PageDto{Curr:1, Limit:4}"}
{"level":"DEBUG","time":"2024-11-01 16:51:13","msg":"dto.PageDto{Curr:1, Limit:4}"}
{"level":"DEBUG","time":"2024-11-01 16:51:28","msg":"dto.PageDto{Curr:1, Limit:4}"}
{"level":"DEBUG","time":"2024-11-01 16:58:37","msg":"mode: level"}
{"level":"DEBUG","time":"2024-11-01 16:58:37","msg":"dto.PageDto{Curr:1, Limit:4}"}
{"level":"DEBUG","time":"2024-11-01 16:58:37","msg":"mode: district"}
{"level":"DEBUG","time":"2024-11-01 16:58:37","msg":"[三级甲等]"}
{"level":"DEBUG","time":"2024-11-01 16:58:37","msg":"[黄浦区 徐汇区 长宁区 静安区 普陀区 虹口区 杨浦区 闵行区 宝山区 嘉定区 浦东新区 金山区 松江区 青浦区 奉贤区 崇明区]"}
{"level":"DEBUG","time":"2024-11-01 16:58:37","msg":"mode: level"}
{"level":"DEBUG","time":"2024-11-01 16:58:37","msg":"mode: district"}
{"level":"DEBUG","time":"2024-11-01 16:58:37","msg":"dto.PageDto{Curr:1, Limit:4}"}
{"level":"DEBUG","time":"2024-11-01 16:58:37","msg":"[三级甲等]"}
{"level":"DEBUG","time":"2024-11-01 16:58:37","msg":"[黄浦区 徐汇区 长宁区 静安区 普陀区 虹口区 杨浦区 闵行区 宝山区 嘉定区 浦东新区 金山区 松江区 青浦区 奉贤区 崇明区]"}
{"level":"DEBUG","time":"2024-11-01 16:58:37","msg":"mode: level"}
{"level":"DEBUG","time":"2024-11-01 16:58:37","msg":"mode: district"}
{"level":"DEBUG","time":"2024-11-01 16:58:37","msg":"[黄浦区 徐汇区 长宁区 静安区 普陀区 虹口区 杨浦区 闵行区 宝山区 嘉定区 浦东新区 金山区 松江区 青浦区 奉贤区 崇明区]"}
{"level":"DEBUG","time":"2024-11-01 16:58:37","msg":"[三级甲等]"}
{"level":"INFO","time":"2024-11-01 16:59:00","msg":"Shutdown ok"}
{"level":"INFO","time":"2024-11-01 16:59:00","msg":"==================== Done! ===================="}
{"level":"INFO","time":"2024-11-01 17:14:39","msg":"Serving on http://127.0.0.1:3261"}
{"level":"DEBUG","time":"2024-11-01 17:14:43","msg":"mode: level"}
{"level":"DEBUG","time":"2024-11-01 17:14:43","msg":"mode: district"}
{"level":"DEBUG","time":"2024-11-01 17:14:43","msg":"dto.PageDto{Curr:1, Limit:4}"}
{"level":"DEBUG","time":"2024-11-01 17:14:43","msg":"[一级丙等 一级乙等 一级甲等 三级丙等 三级乙等 三级甲等 二级丙等 二级乙等 二级甲等]"}
{"level":"DEBUG","time":"2024-11-01 17:14:43","msg":"[黄浦区 徐汇区 长宁区 静安区 普陀区 虹口区 杨浦区 闵行区 宝山区 嘉定区 浦东新区 金山区 松江区 青浦区 奉贤区 崇明区]"}
{"level":"DEBUG","time":"2024-11-01 17:14:59","msg":"dto.PageDto{Curr:1, Limit:4}"}
{"level":"DEBUG","time":"2024-11-01 17:17:20","msg":"dto.PageDto{Curr:1, Limit:4}"}
{"level":"DEBUG","time":"2024-11-01 17:17:49","msg":"dto.PageDto{Curr:1, Limit:4}"}
{"level":"INFO","time":"2024-11-01 17:18:46","msg":"Shutdown ok"}
{"level":"INFO","time":"2024-11-01 17:18:46","msg":"==================== Done! ===================="}
{"level":"INFO","time":"2024-11-01 21:28:30","msg":"Serving on http://127.0.0.1:3261"}
{"level":"DEBUG","time":"2024-11-01 21:28:49","msg":"mode: level"}
{"level":"DEBUG","time":"2024-11-01 21:28:49","msg":"mode: district"}
{"level":"DEBUG","time":"2024-11-01 21:28:49","msg":"dto.PageDto{Curr:1, Limit:4}"}
{"level":"DEBUG","time":"2024-11-01 21:28:58","msg":"mode: level"}
{"level":"DEBUG","time":"2024-11-01 21:28:58","msg":"mode: district"}
{"level":"DEBUG","time":"2024-11-01 21:28:58","msg":"dto.PageDto{Curr:1, Limit:4}"}
{"level":"DEBUG","time":"2024-11-01 21:29:05","msg":"dto.PageDto{Curr:1, Limit:4}"}
{"level":"DEBUG","time":"2024-11-01 21:29:07","msg":"dto.PageDto{Curr:1, Limit:4}"}
{"level":"INFO","time":"2024-11-01 21:31:28","msg":"Shutdown ok"}
{"level":"INFO","time":"2024-11-01 21:31:28","msg":"==================== Done! ===================="}
{"level":"INFO","time":"2024-11-01 21:31:36","msg":"Serving on http://127.0.0.1:3261"}
{"level":"DEBUG","time":"2024-11-01 21:31:39","msg":"mode: level"}
{"level":"DEBUG","time":"2024-11-01 21:31:39","msg":"mode: district"}
{"level":"DEBUG","time":"2024-11-01 21:31:39","msg":"dto.PageDto{Curr:1, Limit:4}"}
{"level":"INFO","time":"2024-11-01 21:33:35","msg":"Shutdown ok"}
{"level":"INFO","time":"2024-11-01 21:33:35","msg":"==================== Done! ===================="}
{"level":"INFO","time":"2024-11-01 21:33:38","msg":"Serving on http://127.0.0.1:3261"}
{"level":"DEBUG","time":"2024-11-01 21:33:41","msg":"mode: level"}
{"level":"DEBUG","time":"2024-11-01 21:33:41","msg":"mode: district"}
{"level":"DEBUG","time":"2024-11-01 21:33:41","msg":"dto.PageDto{Curr:1, Limit:4}"}
{"level":"INFO","time":"2024-11-01 21:35:07","msg":"Shutdown ok"}
{"level":"INFO","time":"2024-11-01 21:35:07","msg":"==================== Done! ===================="}
{"level":"INFO","time":"2024-11-01 21:35:10","msg":"Serving on http://127.0.0.1:3261"}
{"level":"DEBUG","time":"2024-11-01 21:35:12","msg":"mode: district"}
{"level":"DEBUG","time":"2024-11-01 21:35:12","msg":"mode: level"}
{"level":"DEBUG","time":"2024-11-01 21:35:12","msg":"dto.PageDto{Curr:1, Limit:4}"}
{"level":"INFO","time":"2024-11-01 21:39:57","msg":"Shutdown ok"}
{"level":"INFO","time":"2024-11-01 21:39:57","msg":"==================== Done! ===================="}
{"level":"INFO","time":"2024-11-01 21:55:14","msg":"Serving on http://127.0.0.1:3261"}
{"level":"DEBUG","time":"2024-11-01 21:55:29","msg":"mode: level"}
{"level":"DEBUG","time":"2024-11-01 21:55:29","msg":"mode: district"}
{"level":"DEBUG","time":"2024-11-01 21:55:29","msg":"dto.PageDto{Curr:1, Limit:4}"}
{"level":"DEBUG","time":"2024-11-01 21:55:41","msg":"mode: level"}
{"level":"DEBUG","time":"2024-11-01 21:55:41","msg":"mode: district"}
{"level":"DEBUG","time":"2024-11-01 21:55:41","msg":"dto.PageDto{Curr:1, Limit:4}"}
{"level":"DEBUG","time":"2024-11-01 21:57:12","msg":"mode: level"}
{"level":"DEBUG","time":"2024-11-01 21:57:12","msg":"mode: district"}
{"level":"DEBUG","time":"2024-11-01 21:57:12","msg":"dto.PageDto{Curr:1, Limit:4}"}
{"level":"DEBUG","time":"2024-11-01 21:57:14","msg":"mode: level"}
{"level":"DEBUG","time":"2024-11-01 21:57:14","msg":"mode: district"}
{"level":"DEBUG","time":"2024-11-01 21:57:14","msg":"dto.PageDto{Curr:1, Limit:4}"}
{"level":"DEBUG","time":"2024-11-01 21:57:17","msg":"mode: level"}
{"level":"DEBUG","time":"2024-11-01 21:57:17","msg":"dto.PageDto{Curr:1, Limit:4}"}
{"level":"DEBUG","time":"2024-11-01 21:57:17","msg":"mode: district"}
{"level":"DEBUG","time":"2024-11-01 21:59:10","msg":"mode: level"}
{"level":"DEBUG","time":"2024-11-01 21:59:10","msg":"mode: district"}
{"level":"DEBUG","time":"2024-11-01 21:59:10","msg":"dto.PageDto{Curr:1, Limit:4}"}
{"level":"DEBUG","time":"2024-11-01 21:59:16","msg":"mode: level"}
{"level":"DEBUG","time":"2024-11-01 21:59:16","msg":"mode: district"}
{"level":"DEBUG","time":"2024-11-01 21:59:16","msg":"dto.PageDto{Curr:1, Limit:4}"}
{"level":"DEBUG","time":"2024-11-01 21:59:35","msg":"dto.PageDto{Curr:1, Limit:4}"}
{"level":"DEBUG","time":"2024-11-01 21:59:35","msg":"mode: level"}
{"level":"DEBUG","time":"2024-11-01 21:59:35","msg":"mode: district"}
{"level":"INFO","time":"2024-11-01 22:00:52","msg":"Shutdown ok"}
{"level":"INFO","time":"2024-11-01 22:00:52","msg":"==================== Done! ===================="}
{"level":"INFO","time":"2024-11-01 22:00:54","msg":"Serving on http://127.0.0.1:3261"}
{"level":"DEBUG","time":"2024-11-01 22:00:57","msg":"mode: level"}
{"level":"DEBUG","time":"2024-11-01 22:00:57","msg":"mode: district"}
{"level":"DEBUG","time":"2024-11-01 22:00:57","msg":"dto.PageDto{Curr:1, Limit:4}"}
{"level":"DEBUG","time":"2024-11-01 22:01:35","msg":"mode: level"}
{"level":"DEBUG","time":"2024-11-01 22:01:35","msg":"mode: district"}
{"level":"DEBUG","time":"2024-11-01 22:01:35","msg":"dto.PageDto{Curr:1, Limit:4}"}
{"level":"DEBUG","time":"2024-11-01 22:01:38","msg":"mode: level"}
{"level":"DEBUG","time":"2024-11-01 22:01:38","msg":"mode: district"}
{"level":"DEBUG","time":"2024-11-01 22:01:38","msg":"dto.PageDto{Curr:1, Limit:4}"}
{"level":"DEBUG","time":"2024-11-01 22:02:08","msg":"mode: level"}
{"level":"DEBUG","time":"2024-11-01 22:02:08","msg":"dto.PageDto{Curr:1, Limit:4}"}
{"level":"DEBUG","time":"2024-11-01 22:02:08","msg":"mode: district"}
{"level":"DEBUG","time":"2024-11-01 22:02:16","msg":"mode: level"}
{"level":"DEBUG","time":"2024-11-01 22:02:16","msg":"mode: district"}
{"level":"DEBUG","time":"2024-11-01 22:02:16","msg":"dto.PageDto{Curr:1, Limit:4}"}
{"level":"DEBUG","time":"2024-11-01 22:02:24","msg":"mode: level"}
{"level":"DEBUG","time":"2024-11-01 22:02:24","msg":"mode: district"}
{"level":"DEBUG","time":"2024-11-01 22:02:24","msg":"dto.PageDto{Curr:1, Limit:4}"}
{"level":"DEBUG","time":"2024-11-01 22:02:28","msg":"mode: level"}
{"level":"DEBUG","time":"2024-11-01 22:02:28","msg":"mode: district"}
{"level":"DEBUG","time":"2024-11-01 22:02:28","msg":"dto.PageDto{Curr:1, Limit:4}"}
{"level":"DEBUG","time":"2024-11-01 22:02:32","msg":"mode: level"}
{"level":"DEBUG","time":"2024-11-01 22:02:32","msg":"mode: district"}
{"level":"DEBUG","time":"2024-11-01 22:02:32","msg":"dto.PageDto{Curr:1, Limit:4}"}
{"level":"DEBUG","time":"2024-11-01 22:02:35","msg":"mode: level"}
{"level":"DEBUG","time":"2024-11-01 22:02:35","msg":"mode: district"}
{"level":"DEBUG","time":"2024-11-01 22:02:35","msg":"dto.PageDto{Curr:1, Limit:4}"}
{"level":"DEBUG","time":"2024-11-01 22:02:37","msg":"mode: level"}
{"level":"DEBUG","time":"2024-11-01 22:02:37","msg":"mode: district"}
{"level":"DEBUG","time":"2024-11-01 22:02:37","msg":"dto.PageDto{Curr:1, Limit:4}"}
{"level":"DEBUG","time":"2024-11-01 22:02:39","msg":"mode: level"}
{"level":"DEBUG","time":"2024-11-01 22:02:39","msg":"mode: district"}
{"level":"DEBUG","time":"2024-11-01 22:02:39","msg":"dto.PageDto{Curr:1, Limit:4}"}
{"level":"DEBUG","time":"2024-11-01 22:02:46","msg":"mode: level"}
{"level":"DEBUG","time":"2024-11-01 22:02:46","msg":"mode: district"}
{"level":"DEBUG","time":"2024-11-01 22:02:46","msg":"dto.PageDto{Curr:1, Limit:4}"}
{"level":"DEBUG","time":"2024-11-01 22:02:50","msg":"mode: level"}
{"level":"DEBUG","time":"2024-11-01 22:02:50","msg":"mode: district"}
{"level":"DEBUG","time":"2024-11-01 22:02:50","msg":"dto.PageDto{Curr:1, Limit:4}"}
{"level":"DEBUG","time":"2024-11-01 22:02:52","msg":"mode: level"}
{"level":"DEBUG","time":"2024-11-01 22:02:52","msg":"dto.PageDto{Curr:1, Limit:4}"}
{"level":"DEBUG","time":"2024-11-01 22:02:52","msg":"mode: district"}
{"level":"DEBUG","time":"2024-11-01 22:02:59","msg":"mode: level"}
{"level":"DEBUG","time":"2024-11-01 22:02:59","msg":"mode: district"}
{"level":"DEBUG","time":"2024-11-01 22:02:59","msg":"dto.PageDto{Curr:1, Limit:4}"}
{"level":"DEBUG","time":"2024-11-01 22:03:10","msg":"mode: level"}
{"level":"DEBUG","time":"2024-11-01 22:03:10","msg":"mode: district"}
{"level":"DEBUG","time":"2024-11-01 22:03:10","msg":"dto.PageDto{Curr:1, Limit:4}"}
{"level":"DEBUG","time":"2024-11-01 22:07:30","msg":"mode: level"}
{"level":"DEBUG","time":"2024-11-01 22:07:30","msg":"mode: district"}
{"level":"DEBUG","time":"2024-11-01 22:07:30","msg":"dto.PageDto{Curr:1, Limit:4}"}
{"level":"DEBUG","time":"2024-11-01 22:08:12","msg":"mode: level"}
{"level":"DEBUG","time":"2024-11-01 22:08:12","msg":"mode: district"}
{"level":"DEBUG","time":"2024-11-01 22:08:12","msg":"dto.PageDto{Curr:1, Limit:4}"}
{"level":"DEBUG","time":"2024-11-01 22:08:24","msg":"mode: district"}
{"level":"DEBUG","time":"2024-11-01 22:08:24","msg":"mode: level"}
{"level":"DEBUG","time":"2024-11-01 22:08:24","msg":"dto.PageDto{Curr:1, Limit:4}"}
{"level":"DEBUG","time":"2024-11-01 22:08:54","msg":"dto.PageDto{Curr:1, Limit:4}"}
{"level":"DEBUG","time":"2024-11-01 22:08:56","msg":"dto.PageDto{Curr:1, Limit:4}"}
{"level":"DEBUG","time":"2024-11-01 22:09:05","msg":"dto.PageDto{Curr:1, Limit:4}"}
{"level":"INFO","time":"2024-11-01 22:09:39","msg":"Shutdown ok"}
{"level":"INFO","time":"2024-11-01 22:09:39","msg":"==================== Done! ===================="}
{"level":"INFO","time":"2024-11-01 22:51:41","msg":"Serving on http://127.0.0.1:3261"}
{"level":"DEBUG","time":"2024-11-01 22:51:51","msg":"mode: level"}
{"level":"DEBUG","time":"2024-11-01 22:51:51","msg":"mode: district"}
{"level":"DEBUG","time":"2024-11-01 22:51:51","msg":"dto.PageDto{Curr:1, Limit:4}"}
{"level":"DEBUG","time":"2024-11-01 22:52:57","msg":"mode: level"}
{"level":"DEBUG","time":"2024-11-01 22:52:57","msg":"mode: district"}
{"level":"DEBUG","time":"2024-11-01 22:52:57","msg":"dto.PageDto{Curr:1, Limit:4}"}
{"level":"DEBUG","time":"2024-11-01 22:53:53","msg":"mode: level"}
{"level":"DEBUG","time":"2024-11-01 22:54:03","msg":"mode: level"}
{"level":"DEBUG","time":"2024-11-01 22:54:03","msg":"mode: district"}
{"level":"DEBUG","time":"2024-11-01 22:54:03","msg":"dto.PageDto{Curr:1, Limit:4}"}
{"level":"DEBUG","time":"2024-11-01 22:54:15","msg":"mode: level"}
{"level":"DEBUG","time":"2024-11-01 22:54:20","msg":"mode: district"}
{"level":"DEBUG","time":"2024-11-01 22:54:20","msg":"mode: level"}
{"level":"DEBUG","time":"2024-11-01 22:54:20","msg":"dto.PageDto{Curr:1, Limit:4}"}
{"level":"DEBUG","time":"2024-11-01 22:54:22","msg":"mode: level"}
{"level":"DEBUG","time":"2024-11-01 22:54:22","msg":"mode: district"}
{"level":"DEBUG","time":"2024-11-01 22:54:22","msg":"dto.PageDto{Curr:1, Limit:4}"}
{"level":"DEBUG","time":"2024-11-01 22:55:10","msg":"mode: level"}
{"level":"DEBUG","time":"2024-11-01 22:55:10","msg":"mode: district"}
{"level":"DEBUG","time":"2024-11-01 22:55:10","msg":"dto.PageDto{Curr:1, Limit:4}"}
{"level":"DEBUG","time":"2024-11-01 22:55:15","msg":"mode: level"}
{"level":"DEBUG","time":"2024-11-01 22:55:18","msg":"mode: level"}
{"level":"DEBUG","time":"2024-11-01 22:55:27","msg":"mode: level"}
{"level":"DEBUG","time":"2024-11-01 22:55:35","msg":"mode: level"}
{"level":"DEBUG","time":"2024-11-01 22:55:38","msg":"mode: level"}
{"level":"DEBUG","time":"2024-11-01 22:55:41","msg":"mode: district"}
{"level":"DEBUG","time":"2024-11-01 22:55:41","msg":"mode: level"}
{"level":"DEBUG","time":"2024-11-01 22:55:41","msg":"dto.PageDto{Curr:1, Limit:4}"}
{"level":"DEBUG","time":"2024-11-01 22:56:20","msg":"mode: level"}
{"level":"DEBUG","time":"2024-11-01 22:56:20","msg":"mode: district"}
{"level":"DEBUG","time":"2024-11-01 22:56:20","msg":"dto.PageDto{Curr:1, Limit:4}"}
{"level":"DEBUG","time":"2024-11-01 22:56:21","msg":"mode: level"}
{"level":"DEBUG","time":"2024-11-01 22:57:06","msg":"mode: level"}
{"level":"DEBUG","time":"2024-11-01 22:57:09","msg":"mode: level"}
{"level":"DEBUG","time":"2024-11-01 22:57:12","msg":"mode: level"}
{"level":"DEBUG","time":"2024-11-01 22:57:21","msg":"mode: level"}
{"level":"DEBUG","time":"2024-11-01 22:57:23","msg":"mode: level"}
{"level":"DEBUG","time":"2024-11-01 22:57:28","msg":"mode: district"}
{"level":"DEBUG","time":"2024-11-01 22:57:28","msg":"dto.PageDto{Curr:1, Limit:4}"}
{"level":"DEBUG","time":"2024-11-01 22:57:28","msg":"mode: level"}
{"level":"DEBUG","time":"2024-11-01 22:58:29","msg":"mode: level"}
{"level":"DEBUG","time":"2024-11-01 22:58:29","msg":"dto.PageDto{Curr:1, Limit:4}"}
{"level":"DEBUG","time":"2024-11-01 22:58:29","msg":"mode: district"}
{"level":"DEBUG","time":"2024-11-01 22:58:40","msg":"mode: level"}
{"level":"DEBUG","time":"2024-11-01 22:58:48","msg":"mode: level"}
{"level":"DEBUG","time":"2024-11-01 22:58:51","msg":"mode: district"}
{"level":"DEBUG","time":"2024-11-01 22:58:51","msg":"mode: level"}
{"level":"DEBUG","time":"2024-11-01 22:58:51","msg":"dto.PageDto{Curr:1, Limit:4}"}
{"level":"DEBUG","time":"2024-11-01 22:59:15","msg":"mode: district"}
{"level":"DEBUG","time":"2024-11-01 22:59:30","msg":"mode: level"}
{"level":"DEBUG","time":"2024-11-01 22:59:40","msg":"mode: level"}
{"level":"DEBUG","time":"2024-11-01 22:59:54","msg":"mode: level"}
{"level":"DEBUG","time":"2024-11-01 23:00:01","msg":"mode: level"}
{"level":"DEBUG","time":"2024-11-01 23:00:38","msg":"mode: level"}
{"level":"DEBUG","time":"2024-11-01 23:00:52","msg":"mode: level"}
{"level":"DEBUG","time":"2024-11-01 23:00:54","msg":"mode: level"}
{"level":"DEBUG","time":"2024-11-01 23:00:57","msg":"mode: level"}
{"level":"DEBUG","time":"2024-11-01 23:01:44","msg":"mode: level"}
{"level":"DEBUG","time":"2024-11-01 23:01:49","msg":"mode: level"}
{"level":"DEBUG","time":"2024-11-01 23:01:49","msg":"dto.PageDto{Curr:1, Limit:4}"}
{"level":"DEBUG","time":"2024-11-01 23:01:49","msg":"mode: district"}
{"level":"DEBUG","time":"2024-11-01 23:02:06","msg":"mode: level"}
{"level":"DEBUG","time":"2024-11-01 23:02:18","msg":"mode: level"}
{"level":"DEBUG","time":"2024-11-01 23:02:22","msg":"mode: level"}
{"level":"DEBUG","time":"2024-11-01 23:02:28","msg":"mode: level"}
{"level":"DEBUG","time":"2024-11-01 23:02:31","msg":"mode: level"}
{"level":"DEBUG","time":"2024-11-01 23:02:35","msg":"mode: level"}
{"level":"DEBUG","time":"2024-11-01 23:02:38","msg":"mode: level"}
{"level":"DEBUG","time":"2024-11-01 23:02:38","msg":"mode: district"}
{"level":"DEBUG","time":"2024-11-01 23:02:38","msg":"dto.PageDto{Curr:1, Limit:4}"}
{"level":"DEBUG","time":"2024-11-01 23:02:55","msg":"mode: level"}
{"level":"INFO","time":"2024-11-01 23:05:15","msg":"Shutdown ok"}
{"level":"INFO","time":"2024-11-01 23:05:15","msg":"==================== Done! ===================="}
